<?xml version="1.0" encoding="UTF-8"?>
<testsuite xmlns:xsi="http://www.w3.org/2001/XMLSchema-instance" xsi:noNamespaceSchemaLocation="https://maven.apache.org/surefire/maven-surefire-plugin/xsd/surefire-test-report.xsd" version="3.0.2" name="bgu.spl.mics.MessageBusImplTest" time="0.24" tests="9" errors="9" skipped="0" failures="0">
  <properties>
    <property name="awt.toolkit" value="sun.awt.X11.XToolkit"/>
    <property name="file.encoding.pkg" value="sun.io"/>
    <property name="java.specification.version" value="1.8"/>
    <property name="sun.cpu.isalist" value=""/>
    <property name="sun.jnu.encoding" value="ANSI_X3.4-1968"/>
    <property name="java.class.path" value="/workspaces/SPL-Assignment-2/target/test-classes:/workspaces/SPL-Assignment-2/target/classes:/root/.m2/repository/com/google/code/gson/gson/2.11.0/gson-2.11.0.jar:/root/.m2/repository/com/google/errorprone/error_prone_annotations/2.27.0/error_prone_annotations-2.27.0.jar:/root/.m2/repository/org/junit/jupiter/junit-jupiter-api/5.11.4/junit-jupiter-api-5.11.4.jar:/root/.m2/repository/org/opentest4j/opentest4j/1.3.0/opentest4j-1.3.0.jar:/root/.m2/repository/org/junit/platform/junit-platform-commons/1.11.4/junit-platform-commons-1.11.4.jar:/root/.m2/repository/org/apiguardian/apiguardian-api/1.1.2/apiguardian-api-1.1.2.jar:/root/.m2/repository/org/junit/jupiter/junit-jupiter-engine/5.11.4/junit-jupiter-engine-5.11.4.jar:/root/.m2/repository/org/junit/platform/junit-platform-engine/1.11.4/junit-platform-engine-1.11.4.jar:"/>
    <property name="java.vm.vendor" value="Private Build"/>
    <property name="sun.arch.data.model" value="64"/>
    <property name="java.vendor.url" value="http://java.oracle.com/"/>
    <property name="user.timezone" value=""/>
    <property name="java.vm.specification.version" value="1.8"/>
    <property name="os.name" value="Linux"/>
    <property name="user.country" value="US"/>
    <property name="sun.java.launcher" value="SUN_STANDARD"/>
    <property name="sun.boot.library.path" value="/usr/lib/jvm/java-8-openjdk-amd64/jre/lib/amd64"/>
    <property name="sun.java.command" value="/workspaces/SPL-Assignment-2/target/surefire/surefirebooter-20241225162817741_3.jar /workspaces/SPL-Assignment-2/target/surefire 2024-12-25T16-28-17_469-jvmRun1 surefire-20241225162817741_1tmp surefire_0-20241225162817741_2tmp"/>
    <property name="surefire.test.class.path" value="/workspaces/SPL-Assignment-2/target/test-classes:/workspaces/SPL-Assignment-2/target/classes:/root/.m2/repository/com/google/code/gson/gson/2.11.0/gson-2.11.0.jar:/root/.m2/repository/com/google/errorprone/error_prone_annotations/2.27.0/error_prone_annotations-2.27.0.jar:/root/.m2/repository/org/junit/jupiter/junit-jupiter-api/5.11.4/junit-jupiter-api-5.11.4.jar:/root/.m2/repository/org/opentest4j/opentest4j/1.3.0/opentest4j-1.3.0.jar:/root/.m2/repository/org/junit/platform/junit-platform-commons/1.11.4/junit-platform-commons-1.11.4.jar:/root/.m2/repository/org/apiguardian/apiguardian-api/1.1.2/apiguardian-api-1.1.2.jar:/root/.m2/repository/org/junit/jupiter/junit-jupiter-engine/5.11.4/junit-jupiter-engine-5.11.4.jar:/root/.m2/repository/org/junit/platform/junit-platform-engine/1.11.4/junit-platform-engine-1.11.4.jar:"/>
    <property name="sun.cpu.endian" value="little"/>
    <property name="user.home" value="/root"/>
    <property name="user.language" value="en"/>
    <property name="java.specification.vendor" value="Oracle Corporation"/>
    <property name="java.home" value="/usr/lib/jvm/java-8-openjdk-amd64/jre"/>
    <property name="basedir" value="/workspaces/SPL-Assignment-2"/>
    <property name="file.separator" value="/"/>
    <property name="line.separator" value="&#10;"/>
    <property name="java.vm.specification.vendor" value="Oracle Corporation"/>
    <property name="java.specification.name" value="Java Platform API Specification"/>
    <property name="java.awt.graphicsenv" value="sun.awt.X11GraphicsEnvironment"/>
    <property name="surefire.real.class.path" value="/workspaces/SPL-Assignment-2/target/surefire/surefirebooter-20241225162817741_3.jar"/>
    <property name="sun.boot.class.path" value="/usr/lib/jvm/java-8-openjdk-amd64/jre/lib/resources.jar:/usr/lib/jvm/java-8-openjdk-amd64/jre/lib/rt.jar:/usr/lib/jvm/java-8-openjdk-amd64/jre/lib/sunrsasign.jar:/usr/lib/jvm/java-8-openjdk-amd64/jre/lib/jsse.jar:/usr/lib/jvm/java-8-openjdk-amd64/jre/lib/jce.jar:/usr/lib/jvm/java-8-openjdk-amd64/jre/lib/charsets.jar:/usr/lib/jvm/java-8-openjdk-amd64/jre/lib/jfr.jar:/usr/lib/jvm/java-8-openjdk-amd64/jre/classes"/>
    <property name="sun.management.compiler" value="HotSpot 64-Bit Tiered Compilers"/>
    <property name="java.runtime.version" value="1.8.0_432-8u432-ga~us1-0ubuntu2~20.04-ga"/>
    <property name="user.name" value="root"/>
    <property name="path.separator" value=":"/>
    <property name="os.version" value="5.15.167.4-microsoft-standard-WSL2"/>
    <property name="java.endorsed.dirs" value="/usr/lib/jvm/java-8-openjdk-amd64/jre/lib/endorsed"/>
    <property name="java.runtime.name" value="OpenJDK Runtime Environment"/>
    <property name="file.encoding" value="ANSI_X3.4-1968"/>
    <property name="java.vm.name" value="OpenJDK 64-Bit Server VM"/>
    <property name="localRepository" value="/root/.m2/repository"/>
    <property name="java.vendor.url.bug" value="http://bugreport.sun.com/bugreport/"/>
    <property name="java.io.tmpdir" value="/tmp"/>
    <property name="java.version" value="1.8.0_432"/>
    <property name="user.dir" value="/workspaces/SPL-Assignment-2"/>
    <property name="os.arch" value="amd64"/>
    <property name="java.vm.specification.name" value="Java Virtual Machine Specification"/>
    <property name="java.awt.printerjob" value="sun.print.PSPrinterJob"/>
    <property name="sun.os.patch.level" value="unknown"/>
    <property name="java.library.path" value="/usr/java/packages/lib/amd64:/usr/lib/x86_64-linux-gnu/jni:/lib/x86_64-linux-gnu:/usr/lib/x86_64-linux-gnu:/usr/lib/jni:/lib:/usr/lib"/>
    <property name="java.vm.info" value="mixed mode"/>
    <property name="java.vendor" value="Private Build"/>
    <property name="java.vm.version" value="25.432-bga"/>
    <property name="java.specification.maintenance.version" value="6"/>
    <property name="java.ext.dirs" value="/usr/lib/jvm/java-8-openjdk-amd64/jre/lib/ext:/usr/java/packages/lib/ext"/>
    <property name="sun.io.unicode.encoding" value="UnicodeLittle"/>
    <property name="java.class.version" value="52.0"/>
  </properties>
  <testcase name="testSubscribeBroadcast" classname="bgu.spl.mics.MessageBusImplTest" time="0.09">
    <error message="Unresolved compilation problems: &#10;	DummyMicroService cannot be resolved to a type&#10;	The field MessageBusImpl.subscriptions is not visible&#10;	The field MessageBusImpl.subscriptions is not visible&#10;" type="java.lang.Error"><![CDATA[java.lang.Error: 
Unresolved compilation problems: 
	DummyMicroService cannot be resolved to a type
	The field MessageBusImpl.subscriptions is not visible
	The field MessageBusImpl.subscriptions is not visible

	at bgu.spl.mics.MessageBusImplTest.testSubscribeBroadcast(MessageBusImplTest.java:46)
	at java.lang.reflect.Method.invoke(Method.java:498)
	at java.util.ArrayList.forEach(ArrayList.java:1259)
	at java.util.ArrayList.forEach(ArrayList.java:1259)
]]></error>
  </testcase>
  <testcase name="testRegister" classname="bgu.spl.mics.MessageBusImplTest" time="0.005">
    <error message="Unresolved compilation problems: &#10;	DummyMicroService cannot be resolved to a type&#10;	The field MessageBusImpl.queues is not visible&#10;" type="java.lang.Error"><![CDATA[java.lang.Error: 
Unresolved compilation problems: 
	DummyMicroService cannot be resolved to a type
	The field MessageBusImpl.queues is not visible

	at bgu.spl.mics.MessageBusImplTest.testRegister(MessageBusImplTest.java:14)
	at java.lang.reflect.Method.invoke(Method.java:498)
	at java.util.ArrayList.forEach(ArrayList.java:1259)
	at java.util.ArrayList.forEach(ArrayList.java:1259)
]]></error>
  </testcase>
  <testcase name="testComplete" classname="bgu.spl.mics.MessageBusImplTest" time="0.003">
    <error message="Unresolved compilation problems: &#10;	DummyMicroService cannot be resolved to a type&#10;	&apos;&lt;&gt;&apos; cannot be used with anonymous classes&#10;	The method subscribeEvent(Class&lt;? extends Event&lt;T&gt;&gt;, MicroService) in the type MessageBusImpl is not applicable for the arguments (Class&lt;capture#10-of ? extends Event&gt;, MicroService)&#10;" type="java.lang.Error"><![CDATA[java.lang.Error: 
Unresolved compilation problems: 
	DummyMicroService cannot be resolved to a type
	'<>' cannot be used with anonymous classes
	The method subscribeEvent(Class<? extends Event<T>>, MicroService) in the type MessageBusImpl is not applicable for the arguments (Class<capture#10-of ? extends Event>, MicroService)

	at bgu.spl.mics.MessageBusImplTest.testComplete(MessageBusImplTest.java:93)
	at java.lang.reflect.Method.invoke(Method.java:498)
	at java.util.ArrayList.forEach(ArrayList.java:1259)
	at java.util.ArrayList.forEach(ArrayList.java:1259)
]]></error>
  </testcase>
  <testcase name="testUnregister" classname="bgu.spl.mics.MessageBusImplTest" time="0.003">
    <error message="Unresolved compilation problems: &#10;	DummyMicroService cannot be resolved to a type&#10;	The field MessageBusImpl.queues is not visible&#10;" type="java.lang.Error"><![CDATA[java.lang.Error: 
Unresolved compilation problems: 
	DummyMicroService cannot be resolved to a type
	The field MessageBusImpl.queues is not visible

	at bgu.spl.mics.MessageBusImplTest.testUnregister(MessageBusImplTest.java:23)
	at java.lang.reflect.Method.invoke(Method.java:498)
	at java.util.ArrayList.forEach(ArrayList.java:1259)
	at java.util.ArrayList.forEach(ArrayList.java:1259)
]]></error>
  </testcase>
  <testcase name="testSubscribeEvent" classname="bgu.spl.mics.MessageBusImplTest" time="0.002">
    <error message="Unresolved compilation problems: &#10;	DummyMicroService cannot be resolved to a type&#10;	&apos;&lt;&gt;&apos; cannot be used with anonymous classes&#10;	The method subscribeEvent(Class&lt;? extends Event&lt;T&gt;&gt;, MicroService) in the type MessageBusImpl is not applicable for the arguments (Class&lt;capture#1-of ? extends Event&gt;, MicroService)&#10;	The field MessageBusImpl.subscriptions is not visible&#10;	The field MessageBusImpl.subscriptions is not visible&#10;" type="java.lang.Error"><![CDATA[java.lang.Error: 
Unresolved compilation problems: 
	DummyMicroService cannot be resolved to a type
	'<>' cannot be used with anonymous classes
	The method subscribeEvent(Class<? extends Event<T>>, MicroService) in the type MessageBusImpl is not applicable for the arguments (Class<capture#1-of ? extends Event>, MicroService)
	The field MessageBusImpl.subscriptions is not visible
	The field MessageBusImpl.subscriptions is not visible

	at bgu.spl.mics.MessageBusImplTest.testSubscribeEvent(MessageBusImplTest.java:33)
	at java.lang.reflect.Method.invoke(Method.java:498)
	at java.util.ArrayList.forEach(ArrayList.java:1259)
	at java.util.ArrayList.forEach(ArrayList.java:1259)
]]></error>
  </testcase>
  <testcase name="testSendBroadcast" classname="bgu.spl.mics.MessageBusImplTest" time="0.002">
    <error message="Unresolved compilation problems: &#10;	DummyMicroService cannot be resolved to a type&#10;	DummyMicroService cannot be resolved to a type&#10;	The field MessageBusImpl.queues is not visible&#10;	The field MessageBusImpl.queues is not visible&#10;" type="java.lang.Error"><![CDATA[java.lang.Error: 
Unresolved compilation problems: 
	DummyMicroService cannot be resolved to a type
	DummyMicroService cannot be resolved to a type
	The field MessageBusImpl.queues is not visible
	The field MessageBusImpl.queues is not visible

	at bgu.spl.mics.MessageBusImplTest.testSendBroadcast(MessageBusImplTest.java:75)
	at java.lang.reflect.Method.invoke(Method.java:498)
	at java.util.ArrayList.forEach(ArrayList.java:1259)
	at java.util.ArrayList.forEach(ArrayList.java:1259)
]]></error>
  </testcase>
  <testcase name="testSendEvent" classname="bgu.spl.mics.MessageBusImplTest" time="0.001">
    <error message="Unresolved compilation problems: &#10;	DummyMicroService cannot be resolved to a type&#10;	&apos;&lt;&gt;&apos; cannot be used with anonymous classes&#10;	The method subscribeEvent(Class&lt;? extends Event&lt;T&gt;&gt;, MicroService) in the type MessageBusImpl is not applicable for the arguments (Class&lt;capture#7-of ? extends Event&gt;, MicroService)&#10;	The field MessageBusImpl.queues is not visible&#10;" type="java.lang.Error"><![CDATA[java.lang.Error: 
Unresolved compilation problems: 
	DummyMicroService cannot be resolved to a type
	'<>' cannot be used with anonymous classes
	The method subscribeEvent(Class<? extends Event<T>>, MicroService) in the type MessageBusImpl is not applicable for the arguments (Class<capture#7-of ? extends Event>, MicroService)
	The field MessageBusImpl.queues is not visible

	at bgu.spl.mics.MessageBusImplTest.testSendEvent(MessageBusImplTest.java:59)
	at java.lang.reflect.Method.invoke(Method.java:498)
	at java.util.ArrayList.forEach(ArrayList.java:1259)
	at java.util.ArrayList.forEach(ArrayList.java:1259)
]]></error>
  </testcase>
  <testcase name="testAwaitMessageThrowsException" classname="bgu.spl.mics.MessageBusImplTest" time="0.001">
    <error message="Unresolved compilation problem: &#10;	DummyMicroService cannot be resolved to a type&#10;" type="java.lang.Error"><![CDATA[java.lang.Error: 
Unresolved compilation problem: 
	DummyMicroService cannot be resolved to a type

	at bgu.spl.mics.MessageBusImplTest.testAwaitMessageThrowsException(MessageBusImplTest.java:124)
	at java.lang.reflect.Method.invoke(Method.java:498)
	at java.util.ArrayList.forEach(ArrayList.java:1259)
	at java.util.ArrayList.forEach(ArrayList.java:1259)
]]></error>
  </testcase>
  <testcase name="testAwaitMessage" classname="bgu.spl.mics.MessageBusImplTest" time="0.002">
    <error message="Unresolved compilation problems: &#10;	DummyMicroService cannot be resolved to a type&#10;	&apos;&lt;&gt;&apos; cannot be used with anonymous classes&#10;	The method subscribeEvent(Class&lt;? extends Event&lt;T&gt;&gt;, MicroService) in the type MessageBusImpl is not applicable for the arguments (Class&lt;capture#11-of ? extends Event&gt;, MicroService)&#10;" type="java.lang.Error"><![CDATA[java.lang.Error: 
Unresolved compilation problems: 
	DummyMicroService cannot be resolved to a type
	'<>' cannot be used with anonymous classes
	The method subscribeEvent(Class<? extends Event<T>>, MicroService) in the type MessageBusImpl is not applicable for the arguments (Class<capture#11-of ? extends Event>, MicroService)

	at bgu.spl.mics.MessageBusImplTest.testAwaitMessage(MessageBusImplTest.java:109)
	at java.lang.reflect.Method.invoke(Method.java:498)
	at java.util.ArrayList.forEach(ArrayList.java:1259)
	at java.util.ArrayList.forEach(ArrayList.java:1259)
]]></error>
  </testcase>
</testsuite>